<?xml version="1.0" encoding="UTF-8"?>
<!-- Generated by org.testng.reporters.JUnitReportReporter -->
<testsuite hostname="DESKTOP-MM5BO7C" failures="0" tests="2" name="tests.LoginTest" time="28.003" errors="0" timestamp="2022-08-04T13:28:50 IST" skipped="0">
  <testcase classname="tests.LoginTest" name="verifybuttontext" time="0.063"/>
  <system-out/>
  <testcase classname="tests.LoginTest" name="login" time="27.940"/>
  <system-out/>
</testsuite> <!-- tests.LoginTest -->
