<?xml version="1.0" encoding="UTF-8"?>
<!-- Generated by org.testng.reporters.JUnitReportReporter -->
<testsuite hostname="DESKTOP-MM5BO7C" failures="0" tests="3" name="tests.HomeTest02" time="1.880" errors="0" timestamp="2022-08-04T10:55:29 IST" skipped="0">
  <testcase classname="tests.HomeTest02" name="Verify2" time="0.086"/>
  <system-out/>
  <testcase classname="tests.HomeTest02" name="Profile2" time="0.080"/>
  <system-out/>
  <testcase classname="tests.HomeTest02" name="Logout2" time="1.714"/>
  <system-out/>
</testsuite> <!-- tests.HomeTest02 -->
