<?xml version="1.0" encoding="UTF-8"?>
<!-- Generated by org.testng.reporters.JUnitReportReporter -->
<testsuite hostname="DESKTOP-H8KQUR0" failures="0" tests="3" name="tests.HomeTest02" time="1.914" errors="0" timestamp="2022-08-12T18:36:21 IST" skipped="0">
  <testcase classname="tests.HomeTest02" name="Verify2" time="0.105"/>
  <system-out/>
  <testcase classname="tests.HomeTest02" name="Profile2" time="0.102"/>
  <system-out/>
  <testcase classname="tests.HomeTest02" name="Logout2" time="1.707"/>
  <system-out/>
</testsuite> <!-- tests.HomeTest02 -->
